<?xml version="1.0" encoding="UTF-8"?>
<testsuite xmlns:xsi="http://www.w3.org/2001/XMLSchema-instance" xsi:schemaLocation="https://maven.apache.org/surefire/maven-surefire-plugin/xsd/surefire-test-report.xsd" name="org.payment.svc.TestDirect" time="3.257" tests="1" errors="1" skipped="0" failures="0">
  <properties>
[...]
</properties>
  <testcase name="testCamelRoute" classname="org.payment.svc.TestDirect" time="2.966">
    <error message="Failed to create route route1: Route(route1)[[From[cxf:bean:customerRestService]] -&gt; [Log[\... because of Failed to resolve endpoint: cxf://bean:customerRestService due to: No bean could be found in the registry for: customerRestService of type: org.apache.camel.component.cxf.CxfEndpoint" type="org.apache.camel.FailedToCreateRouteException">org.apache.camel.FailedToCreateRouteException: Failed to create route route1: Route(route1)[[From[cxf:bean:customerRestService]] -> [Log[\... because of Failed to resolve endpoint: cxf://bean:customerRestService due to: No bean could be found in the registry for: customerRestService of type: org.apache.camel.component.cxf.CxfEndpoint
Caused by: org.apache.camel.ResolveEndpointFailedException: Failed to resolve endpoint: cxf://bean:customerRestService due to: No bean could be found in the registry for: customerRestService of type: org.apache.camel.component.cxf.CxfEndpoint
Caused by: org.apache.camel.NoSuchBeanException: No bean could be found in the registry for: customerRestService of type: org.apache.camel.component.cxf.CxfEndpoint
</error>
    <system-out><![CDATA[2016-07-07 14:10:06,638 [main           ] INFO  TestDirect                     - ********************************************************************************
2016-07-07 14:10:06,639 [main           ] INFO  TestDirect                     - Testing: testCamelRoute(org.payment.svc.TestDirect)
2016-07-07 14:10:06,640 [main           ] INFO  TestDirect                     - ********************************************************************************
2016-07-07 14:10:06,723 [main           ] DEBUG StandardEnvironment            - Adding [systemProperties] PropertySource with lowest search precedence
2016-07-07 14:10:06,725 [main           ] DEBUG StandardEnvironment            - Adding [systemEnvironment] PropertySource with lowest search precedence
2016-07-07 14:10:06,725 [main           ] DEBUG StandardEnvironment            - Initialized StandardEnvironment with PropertySources [systemProperties,systemEnvironment]
2016-07-07 14:10:06,729 [main           ] INFO  ClassPathXmlApplicationContext - Refreshing org.springframework.context.support.ClassPathXmlApplicationContext@4900269d: startup date [Thu Jul 07 14:10:06 MST 2016]; root of context hierarchy
2016-07-07 14:10:06,776 [main           ] DEBUG StandardEnvironment            - Adding [systemProperties] PropertySource with lowest search precedence
2016-07-07 14:10:06,776 [main           ] DEBUG StandardEnvironment            - Adding [systemEnvironment] PropertySource with lowest search precedence
2016-07-07 14:10:06,776 [main           ] DEBUG StandardEnvironment            - Initialized StandardEnvironment with PropertySources [systemProperties,systemEnvironment]
2016-07-07 14:10:06,789 [main           ] INFO  XmlBeanDefinitionReader        - Loading XML bean definitions from class path resource [META-INF/spring/bundle-context.xml]
2016-07-07 14:10:06,801 [main           ] DEBUG DefaultDocumentLoader          - Using JAXP provider [com.sun.org.apache.xerces.internal.jaxp.DocumentBuilderFactoryImpl]
2016-07-07 14:10:06,826 [main           ] DEBUG PluggableSchemaResolver        - Loading schema mappings from [META-INF/spring.schemas]
2016-07-07 14:10:06,841 [main           ] DEBUG PluggableSchemaResolver        - Loaded schema mappings: {http://camel.apache.org/schema/osgi/camel-osgi-2.13.0.xsd=camel-osgi.xsd, http://www.springframework.org/schema/task/spring-task-3.0.xsd=org/springframework/scheduling/config/spring-task-3.0.xsd, http://www.w3.org/2006/07/ws-policy.xsd=schemas/ws-policy-200607.xsd, http://camel.apache.org/schema/cxf/camel-cxf-2.8.1.xsd=schema/cxfEndpoint.xsd, http://camel.apache.org/schema/spring/camel-spring-2.8.4.xsd=camel-spring.xsd, http://camel.apache.org/schema/osgi/camel-osgi-2.7.3.xsd=camel-osgi.xsd, http://camel.apache.org/schema/cxf/camel-cxf-2.10.0.xsd=schema/cxfEndpoint.xsd, http://cxf.apache.org/schemas/jaxws.xsd=schemas/jaxws.xsd, http://camel.apache.org/schema/cxf/camel-cxf-2.9.1.xsd=schema/cxfEndpoint.xsd, http://camel.apache.org/schema/spring/camel-spring-2.9.4.xsd=camel-spring.xsd, http://camel.apache.org/schema/cxf/camel-cxf-2.11.0.xsd=schema/cxfEndpoint.xsd, http://www.springframework.org/schema/lang/spring-lang-2.0.xsd=org/springframework/scripting/config/spring-lang-2.0.xsd, http://cxf.apache.org/schemas/policy.xsd=schemas/policy.xsd, http://www.springframework.org/schema/tx/spring-tx-3.0.xsd=org/springframework/transaction/config/spring-tx-3.0.xsd, http://camel.apache.org/schema/spring/camel-spring-2.10.1.xsd=camel-spring.xsd, http://camel.apache.org/schema/cxf/camel-cxf-2.12.0.xsd=schema/cxfEndpoint.xsd, http://camel.apache.org/schema/cxf/camel-cxf-2.10.7.xsd=schema/cxfEndpoint.xsd, http://www.springframework.org/schema/lang/spring-lang-3.0.xsd=org/springframework/scripting/config/spring-lang-3.0.xsd, http://www.springframework.org/schema/beans/spring-beans.xsd=org/springframework/beans/factory/xml/spring-beans-3.2.xsd, http://camel.apache.org/schema/spring/camel-spring-2.11.1.xsd=camel-spring.xsd, http://camel.apache.org/schema/cxf/camel-cxf-2.9.8.xsd=schema/cxfEndpoint.xsd, http://camel.apache.org/schema/osgi/camel-osgi-2.10.0.xsd=camel-osgi.xsd, http://cxf.apache.org/schemas/core.xsd=schemas/core.xsd, http://www.springframework.org/schema/beans/spring-beans-3.0.xsd=org/springframework/beans/factory/xml/spring-beans-3.0.xsd, http://camel.apache.org/schema/osgi/camel-osgi-2.11.0.xsd=camel-osgi.xsd, http://camel.apache.org/schema/osgi/camel-osgi-2.10.7.xsd=camel-osgi.xsd, http://camel.apache.org/schema/cxf/camel-cxf-2.7.1.xsd=schema/cxfEndpoint.xsd, http://camel.apache.org/schema/spring/camel-spring-2.7.4.xsd=camel-spring.xsd, http://www.springframework.org/schema/context/spring-context-3.2.xsd=org/springframework/context/config/spring-context-3.2.xsd, http://camel.apache.org/schema/osgi/camel-osgi-2.8.6.xsd=camel-osgi.xsd, http://camel.apache.org/schema/osgi/camel-osgi-2.9.6.xsd=camel-osgi.xsd, http://www.springframework.org/schema/tx/spring-tx-2.0.xsd=org/springframework/transaction/config/spring-tx-2.0.xsd, http://www.springframework.org/schema/jee/spring-jee-2.5.xsd=org/springframework/ejb/config/spring-jee-2.5.xsd, http://www.springframework.org/schema/util/spring-util-3.1.xsd=org/springframework/beans/factory/xml/spring-util-3.1.xsd, http://www.springframework.org/schema/tool/spring-tool-3.1.xsd=org/springframework/beans/factory/xml/spring-tool-3.1.xsd, http://www.springframework.org/schema/beans/spring-beans-2.0.xsd=org/springframework/beans/factory/xml/spring-beans-2.0.xsd, http://camel.apache.org/schema/spring/camel-spring-2.8.0.xsd=camel-spring.xsd, http://camel.apache.org/schema/osgi/camel-osgi-2.12.3.xsd=camel-osgi.xsd, http://camel.apache.org/schema/spring/camel-spring-2.9.0.xsd=camel-spring.xsd, http://cxf.apache.org/schemas/configuration/parameterized-types.xsd=schemas/configuration/parameterized-types.xsd, http://camel.apache.org/schema/osgi/camel-osgi.xsd=camel-osgi.xsd, http://camel.apache.org/schema/cxf/camel-cxf-2.8.4.xsd=schema/cxfEndpoint.xsd, http://camel.apache.org/schema/cxf/camel-cxf-2.10.3.xsd=schema/cxfEndpoint.xsd, http://www.springframework.org/schema/tool/spring-tool.xsd=org/springframework/beans/factory/xml/spring-tool-3.2.xsd, http://camel.apache.org/schema/cxf/camel-cxf-2.9.4.xsd=schema/cxfEndpoint.xsd, http://camel.apache.org/schema/spring/camel-spring-2.9.7.xsd=camel-spring.xsd, http://camel.apache.org/schema/cxf/camel-cxf-2.11.3.xsd=schema/cxfEndpoint.xsd, http://camel.apache.org/schema/spring/camel-spring-2.5.0.xsd=camel-spring.xsd, http://camel.apache.org/schema/spring/camel-spring-2.10.4.xsd=camel-spring.xsd, http://camel.apache.org/schema/cxf/camel-cxf-2.12.3.xsd=schema/cxfEndpoint.xsd, http://camel.apache.org/schema/spring/camel-spring-2.6.0.xsd=camel-spring.xsd, http://camel.apache.org/schema/spring/camel-spring-2.11.4.xsd=camel-spring.xsd, http://camel.apache.org/schema/osgi/camel-osgi-2.10.3.xsd=camel-osgi.xsd, http://camel.apache.org/schema/spring/camel-spring-2.7.0.xsd=camel-spring.xsd, http://camel.apache.org/schema/osgi/camel-osgi-2.11.3.xsd=camel-osgi.xsd, http://www.w3.org/2001/xml.xsd=schemas/xml.xsd, http://camel.apache.org/schema/osgi/camel-osgi-2.8.2.xsd=camel-osgi.xsd, http://www.springframework.org/schema/context/spring-context.xsd=org/springframework/context/config/spring-context-3.2.xsd, http://camel.apache.org/schema/cxf/camel-cxf-2.0-M2.xsd=schema/cxfEndpoint.xsd, http://schemas.xmlsoap.org/ws/2004/09/policy/ws-policy.xsd=schemas/ws-policy-200409.xsd, http://camel.apache.org/schema/osgi/camel-osgi-2.9.2.xsd=camel-osgi.xsd, http://camel.apache.org/schema/cxf/camel-cxf-2.7.4.xsd=schema/cxfEndpoint.xsd, http://www.springframework.org/schema/lang/spring-lang.xsd=org/springframework/scripting/config/spring-lang-3.2.xsd, http://camel.apache.org/schema/spring/camel-spring-2.0-M3.xsd=camel-spring.xsd, http://camel.apache.org/schema/spring/camel-spring-2.3.0.xsd=camel-spring.xsd, http://www.springframework.org/schema/jee/spring-jee-3.1.xsd=org/springframework/ejb/config/spring-jee-3.1.xsd, http://camel.apache.org/schema/spring/camel-spring-2.12.0.xsd=camel-spring.xsd, http://camel.apache.org/schema/spring/camel-spring-2.4.0.xsd=camel-spring.xsd, http://camel.apache.org/schema/osgi/camel-osgi-2.0-M2.xsd=camel-osgi.xsd, http://camel.apache.org/schema/spring/camel-spring-2.13.0.xsd=camel-spring.xsd, http://cxf.apache.org/schemas/configuration/security.xsd=schemas/configuration/security.xsd, http://camel.apache.org/schema/cxf/camel-cxf-2.8.0.xsd=schema/cxfEndpoint.xsd, http://docs.oasis-open.org/wss/2004/01/oasis-200401-wss-wssecurity-secext-1.0.xsd=schemas/oasis-200401-wss-wssecurity-secext-1.0.xsd, http://camel.apache.org/schema/spring/camel-spring-2.8.3.xsd=camel-spring.xsd, http://camel.apache.org/schema/osgi/camel-osgi-2.7.2.xsd=camel-osgi.xsd, http://camel.apache.org/schema/cxf/camel-cxf-2.9.0.xsd=schema/cxfEndpoint.xsd, http://camel.apache.org/schema/spring/camel-spring-2.9.3.xsd=camel-spring.xsd, http://camel.apache.org/schema/spring/camel-spring-2.1.0.xsd=camel-spring.xsd, http://cxf.apache.org/schemas/configuration/soap.xsd=schemas/configuration/soap.xsd, http://schemas.xmlsoap.org/ws/2004/08/addressing=schemas/wsdl/addressing.xsd, http://www.springframework.org/schema/context/spring-context-2.5.xsd=org/springframework/context/config/spring-context-2.5.xsd, http://camel.apache.org/schema/spring/camel-spring-2.10.0.xsd=camel-spring.xsd, http://camel.apache.org/schema/spring/camel-spring-2.2.0.xsd=camel-spring.xsd, http://camel.apache.org/schema/cxf/camel-cxf-2.10.6.xsd=schema/cxfEndpoint.xsd, http://camel.apache.org/schema/spring=camel-spring.xsd, http://camel.apache.org/schema/spring/camel-spring-2.11.0.xsd=camel-spring.xsd, http://camel.apache.org/schema/cxf/camel-cxf-2.9.7.xsd=schema/cxfEndpoint.xsd, http://camel.apache.org/schema/spring/v2.13=camel-spring-v2.13.xsd, http://camel.apache.org/schema/cxf/camel-cxf-2.5.0.xsd=schema/cxfEndpoint.xsd, http://camel.apache.org/schema/spring/camel-spring-2.10.7.xsd=camel-spring.xsd, http://camel.apache.org/schema/cxf/camel-cxf-2.6.0.xsd=schema/cxfEndpoint.xsd, http://camel.apache.org/schema/osgi/camel-osgi-2.10.6.xsd=camel-osgi.xsd, http://camel.apache.org/schema/cxf/camel-cxf-2.7.0.xsd=schema/cxfEndpoint.xsd, http://camel.apache.org/schema/spring/camel-spring-2.7.3.xsd=camel-spring.xsd, http://www.springframework.org/schema/context/spring-context-3.1.xsd=org/springframework/context/config/spring-context-3.1.xsd, http://www.springframework.org/schema/aop/spring-aop-3.2.xsd=org/springframework/aop/config/spring-aop-3.2.xsd, http://camel.apache.org/schema/osgi/camel-osgi-2.8.5.xsd=camel-osgi.xsd, http://camel.apache.org/schema/spring/camel-spring-2.0.0.xsd=camel-spring.xsd, http://www.springframework.org/schema/util/spring-util-2.0.xsd=org/springframework/beans/factory/xml/spring-util-2.0.xsd, http://camel.apache.org/schema/osgi/camel-osgi-2.9.5.xsd=camel-osgi.xsd, http://www.springframework.org/schema/tool/spring-tool-2.0.xsd=org/springframework/beans/factory/xml/spring-tool-2.0.xsd, http://camel.apache.org/schema/cxf/camel-cxf-2.3.0.xsd=schema/cxfEndpoint.xsd, http://www.springframework.org/schema/util/spring-util-3.0.xsd=org/springframework/beans/factory/xml/spring-util-3.0.xsd, http://www.springframework.org/schema/tx/spring-tx.xsd=org/springframework/transaction/config/spring-tx-3.2.xsd, http://www.springframework.org/schema/tool/spring-tool-3.0.xsd=org/springframework/beans/factory/xml/spring-tool-3.0.xsd, http://camel.apache.org/schema/cxf/camel-cxf-2.4.0.xsd=schema/cxfEndpoint.xsd, http://camel.apache.org/schema/spring/camel-spring-2.12.3.xsd=camel-spring.xsd, http://cxf.apache.org/schemas/configuration/http-jetty.xsd=schemas/configuration/http-jetty.xsd, http://cxf.apache.org/schemas/configuration/cxf-beans.xsd=schemas/configuration/cxf-beans.xsd, http://www.springframework.org/schema/util/spring-util.xsd=org/springframework/beans/factory/xml/spring-util-3.2.xsd, http://camel.apache.org/schema/osgi/camel-osgi-2.12.2.xsd=camel-osgi.xsd, http://www.w3.org/2007/02/ws-policy.xsd=schemas/ws-policy-200702.xsd, http://www.springframework.org/schema/task/spring-task-3.2.xsd=org/springframework/scheduling/config/spring-task-3.2.xsd, http://camel.apache.org/schema/cxf/camel-cxf-2.8.3.xsd=schema/cxfEndpoint.xsd, http://camel.apache.org/schema/osgi/camel-osgi-2.7.5.xsd=camel-osgi.xsd, http://camel.apache.org/schema/cxf/camel-cxf-2.10.2.xsd=schema/cxfEndpoint.xsd, http://camel.apache.org/schema/spring/camel-spring-2.8.6.xsd=camel-spring.xsd, http://www.w3.org/TR/xmldsig-core/xmldsig-core-schema.xsd=schemas/xmldsig-core-schema.xsd, http://camel.apache.org/schema/cxf/camel-cxf-2.9.3.xsd=schema/cxfEndpoint.xsd, http://camel.apache.org/schema/cxf/camel-cxf-2.1.0.xsd=schema/cxfEndpoint.xsd, http://camel.apache.org/schema/spring/camel-spring-2.9.6.xsd=camel-spring.xsd, http://camel.apache.org/schema/cxf/camel-cxf-2.11.2.xsd=schema/cxfEndpoint.xsd, http://www.springframework.org/schema/cache/spring-cache-3.2.xsd=org/springframework/cache/config/spring-cache-3.2.xsd, http://www.springframework.org/schema/tx/spring-tx-3.2.xsd=org/springframework/transaction/config/spring-tx-3.2.xsd, http://camel.apache.org/schema/cxf/camel-cxf-2.2.0.xsd=schema/cxfEndpoint.xsd, http://camel.apache.org/schema/spring/camel-spring-2.10.3.xsd=camel-spring.xsd, http://camel.apache.org/schema/cxf/camel-cxf-2.12.2.xsd=schema/cxfEndpoint.xsd, http://www.springframework.org/schema/lang/spring-lang-3.2.xsd=org/springframework/scripting/config/spring-lang-3.2.xsd, http://camel.apache.org/schema/spring/camel-spring-2.11.3.xsd=camel-spring.xsd, http://camel.apache.org/schema/osgi/camel-osgi-2.10.2.xsd=camel-osgi.xsd, http://www.springframework.org/schema/beans/spring-beans-3.2.xsd=org/springframework/beans/factory/xml/spring-beans-3.2.xsd, http://camel.apache.org/schema/osgi/camel-osgi-2.11.2.xsd=camel-osgi.xsd, http://camel.apache.org/schema/osgi/camel-osgi-2.8.1.xsd=camel-osgi.xsd, http://camel.apache.org/schema/cxf/camel-cxf-2.0-M1.xsd=schema/cxfEndpoint.xsd, http://www.springframework.org/schema/aop/spring-aop-2.5.xsd=org/springframework/aop/config/spring-aop-2.5.xsd, http://camel.apache.org/schema/osgi/camel-osgi-2.9.1.xsd=camel-osgi.xsd, http://camel.apache.org/schema/cxf/camel-cxf-2.7.3.xsd=schema/cxfEndpoint.xsd, http://www.springframework.org/schema/jee/spring-jee-2.0.xsd=org/springframework/ejb/config/spring-jee-2.0.xsd, http://cxf.apache.org/configuration/parameterized-types=schemas/configuration/parameterized-types.xsd, http://cxf.apache.org/schemas/simple.xsd=schemas/simple.xsd, http://camel.apache.org/schema/spring/camel-spring-2.0-M2.xsd=camel-spring.xsd, http://camel.apache.org/schema/cxf/camel-cxf-2.0.0.xsd=schema/cxfEndpoint.xsd, http://www.springframework.org/schema/jee/spring-jee-3.0.xsd=org/springframework/ejb/config/spring-jee-3.0.xsd, http://camel.apache.org/schema/osgi/camel-osgi-2.9.8.xsd=camel-osgi.xsd, http://camel.apache.org/schema/osgi/camel-osgi-2.0-M1.xsd=camel-osgi.xsd, http://cxf.apache.org/schemas/configuration/http-conf.xsd=schemas/configuration/http-conf.xsd, http://camel.apache.org/schema/spring/camel-spring-2.8.2.xsd=camel-spring.xsd, http://camel.apache.org/schema/osgi/camel-osgi-2.7.1.xsd=camel-osgi.xsd, http://camel.apache.org/schema/spring/camel-spring-2.9.2.xsd=camel-spring.xsd, http://camel.apache.org/schema/cxf/camel-cxf-2.8.6.xsd=schema/cxfEndpoint.xsd, http://camel.apache.org/schema/cxf/camel-cxf-2.10.5.xsd=schema/cxfEndpoint.xsd, http://camel.apache.org/schema/cxf/camel-cxf-2.9.6.xsd=schema/cxfEndpoint.xsd, http://www.springframework.org/schema/lang/spring-lang-2.5.xsd=org/springframework/scripting/config/spring-lang-2.5.xsd, http://camel.apache.org/schema/spring/camel-spring-2.10.6.xsd=camel-spring.xsd, http://camel.apache.org/schema/osgi/camel-osgi-2.10.5.xsd=camel-osgi.xsd, http://cxf.apache.org/transports/camel.xsd=schema/configuration/camel.xsd, http://camel.apache.org/schema/spring/camel-spring-2.7.2.xsd=camel-spring.xsd, http://www.springframework.org/schema/context/spring-context-3.0.xsd=org/springframework/context/config/spring-context-3.0.xsd, http://www.springframework.org/schema/aop/spring-aop-3.1.xsd=org/springframework/aop/config/spring-aop-3.1.xsd, http://camel.apache.org/schema/osgi/camel-osgi-2.8.4.xsd=camel-osgi.xsd, http://schemas.xmlsoap.org/wsdl/http/=schemas/wsdl/http.xsd, http://camel.apache.org/schema/osgi/camel-osgi-2.9.4.xsd=camel-osgi.xsd, http://cxf.apache.org/schemas/ws/addressing.xsd=schemas/ws-addr-conf.xsd, http://camel.apache.org/schema/cxf/camel-cxf-2.13.1.xsd=schema/cxfEndpoint.xsd, http://camel.apache.org/schema/spring/camel-spring-2.12.2.xsd=camel-spring.xsd, http://www.springframework.org/schema/tx/spring-tx-2.5.xsd=org/springframework/transaction/config/spring-tx-2.5.xsd, http://schemas.xmlsoap.org/wsdl/2003-02-11.xsd=schemas/wsdl/wsdl.xsd, http://camel.apache.org/schema/osgi/camel-osgi-2.12.1.xsd=camel-osgi.xsd, http://www.springframework.org/schema/beans/spring-beans-2.5.xsd=org/springframework/beans/factory/xml/spring-beans-2.5.xsd, http://cxf.apache.org/schemas/jaxrs.xsd=schemas/jaxrs.xsd, http://camel.apache.org/schema/osgi/camel-osgi-2.13.1.xsd=camel-osgi.xsd, http://www.springframework.org/schema/task/spring-task-3.1.xsd=org/springframework/scheduling/config/spring-task-3.1.xsd, http://camel.apache.org/schema/cxf/camel-cxf-2.8.2.xsd=schema/cxfEndpoint.xsd, http://camel.apache.org/schema/cxf/camel-cxf-2.10.1.xsd=schema/cxfEndpoint.xsd, http://camel.apache.org/schema/spring/camel-spring-2.8.5.xsd=camel-spring.xsd, http://camel.apache.org/schema/osgi/camel-osgi-2.7.4.xsd=camel-osgi.xsd, http://camel.apache.org/schema/cxf/camel-cxf-2.9.2.xsd=schema/cxfEndpoint.xsd, http://camel.apache.org/schema/cxf/camel-cxf-2.11.1.xsd=schema/cxfEndpoint.xsd, http://camel.apache.org/schema/spring/camel-spring-2.9.5.xsd=camel-spring.xsd, http://www.springframework.org/schema/cache/spring-cache-3.1.xsd=org/springframework/cache/config/spring-cache-3.1.xsd, http://www.springframework.org/schema/tx/spring-tx-3.1.xsd=org/springframework/transaction/config/spring-tx-3.1.xsd, http://camel.apache.org/schema/spring/camel-spring-2.10.2.xsd=camel-spring.xsd, http://camel.apache.org/schema/cxf/camel-cxf-2.12.1.xsd=schema/cxfEndpoint.xsd, http://camel.apache.org/schema/cxf/camel-cxf.xsd=schema/cxfEndpoint.xsd, http://www.springframework.org/schema/lang/spring-lang-3.1.xsd=org/springframework/scripting/config/spring-lang-3.1.xsd, http://camel.apache.org/schema/spring/camel-spring-2.11.2.xsd=camel-spring.xsd, http://camel.apache.org/schema/osgi/camel-osgi-2.10.1.xsd=camel-osgi.xsd, http://www.springframework.org/schema/beans/spring-beans-3.1.xsd=org/springframework/beans/factory/xml/spring-beans-3.1.xsd, http://camel.apache.org/schema/osgi/camel-osgi-2.11.1.xsd=camel-osgi.xsd, http://camel.apache.org/schema/osgi/camel-osgi-2.8.0.xsd=camel-osgi.xsd, http://camel.apache.org/schema/osgi/camel-osgi-2.9.0.xsd=camel-osgi.xsd, http://camel.apache.org/schema/cxf/camel-cxf-2.7.2.xsd=schema/cxfEndpoint.xsd, http://camel.apache.org/schema/spring/camel-spring-2.7.5.xsd=camel-spring.xsd, http://camel.apache.org/schema/spring/camel-spring.xsd=camel-spring.xsd, http://cxf.apache.org/schemas/wsdl/http-conf.xsd=schemas/wsdl/http-conf.xsd, http://camel.apache.org/schema/spring/camel-spring-2.0-M1.xsd=camel-spring.xsd, http://camel.apache.org/schema/osgi/camel-osgi-2.9.7.xsd=camel-osgi.xsd, http://camel.apache.org/schema/osgi/camel-osgi-2.5.0.xsd=camel-osgi.xsd, http://www.springframework.org/schema/util/spring-util-3.2.xsd=org/springframework/beans/factory/xml/spring-util-3.2.xsd, http://www.springframework.org/schema/tool/spring-tool-3.2.xsd=org/springframework/beans/factory/xml/spring-tool-3.2.xsd, http://cxf.apache.org/schemas/clustering.xsd=schemas/clustering.xsd, http://camel.apache.org/schema/osgi/camel-osgi-2.6.0.xsd=camel-osgi.xsd, http://camel.apache.org/schema/osgi/camel-osgi-2.7.0.xsd=camel-osgi.xsd, http://camel.apache.org/schema/spring/camel-spring-2.8.1.xsd=camel-spring.xsd, http://camel.apache.org/schema/spring/camel-spring-2.9.1.xsd=camel-spring.xsd, http://camel.apache.org/schema/cxf/camel-cxf-2.8.5.xsd=schema/cxfEndpoint.xsd, http://camel.apache.org/schema/cxf/camel-cxf-2.10.4.xsd=schema/cxfEndpoint.xsd, http://camel.apache.org/schema/osgi/camel-osgi-2.3.0.xsd=camel-osgi.xsd, http://camel.apache.org/schema/cxf/camel-cxf-2.9.5.xsd=schema/cxfEndpoint.xsd, http://camel.apache.org/schema/spring/camel-spring-2.9.8.xsd=camel-spring.xsd, http://camel.apache.org/schema/cxf/camel-cxf-2.11.4.xsd=schema/cxfEndpoint.xsd, http://camel.apache.org/schema/osgi/camel-osgi-2.4.0.xsd=camel-osgi.xsd, http://camel.apache.org/schema/spring/camel-spring-2.10.5.xsd=camel-spring.xsd, http://www.springframework.org/schema/aop/spring-aop-2.0.xsd=org/springframework/aop/config/spring-aop-2.0.xsd, http://camel.apache.org/schema/osgi/camel-osgi-2.10.4.xsd=camel-osgi.xsd, http://camel.apache.org/schema/spring/camel-spring-2.7.1.xsd=camel-spring.xsd, http://www.springframework.org/schema/aop/spring-aop-3.0.xsd=org/springframework/aop/config/spring-aop-3.0.xsd, http://camel.apache.org/schema/osgi/camel-osgi-2.11.4.xsd=camel-osgi.xsd, http://camel.apache.org/schema/osgi/camel-osgi-2.8.3.xsd=camel-osgi.xsd, http://camel.apache.org/schema/osgi/camel-osgi-2.0.0.xsd=camel-osgi.xsd, http://www.springframework.org/schema/jee/spring-jee.xsd=org/springframework/ejb/config/spring-jee-3.2.xsd, http://camel.apache.org/schema/cxf/camel-cxf-2.0-M3.xsd=schema/cxfEndpoint.xsd, http://www.springframework.org/schema/cache/spring-cache.xsd=org/springframework/cache/config/spring-cache-3.2.xsd, http://docs.oasis-open.org/wss/2004/01/oasis-200401-wss-wssecurity-utility-1.0.xsd=schemas/oasis-200401-wss-wssecurity-utility-1.0.xsd, http://camel.apache.org/schema/osgi/camel-osgi-2.9.3.xsd=camel-osgi.xsd, http://camel.apache.org/schema/osgi/camel-osgi-2.1.0.xsd=camel-osgi.xsd, http://camel.apache.org/schema/cxf/camel-cxf-2.7.5.xsd=schema/cxfEndpoint.xsd, http://www.springframework.org/schema/task/spring-task.xsd=org/springframework/scheduling/config/spring-task-3.2.xsd, http://camel.apache.org/schema/osgi/camel-osgi-2.2.0.xsd=camel-osgi.xsd, http://camel.apache.org/schema/cxf/camel-cxf-2.13.0.xsd=schema/cxfEndpoint.xsd, http://schemas.xmlsoap.org/wsdl/=schemas/wsdl/wsdl.xsd, http://www.springframework.org/schema/aop/spring-aop.xsd=org/springframework/aop/config/spring-aop-3.2.xsd, http://www.springframework.org/schema/jee/spring-jee-3.2.xsd=org/springframework/ejb/config/spring-jee-3.2.xsd, http://camel.apache.org/schema/spring/camel-spring-2.12.1.xsd=camel-spring.xsd, http://www.springframework.org/schema/util/spring-util-2.5.xsd=org/springframework/beans/factory/xml/spring-util-2.5.xsd, http://www.springframework.org/schema/tool/spring-tool-2.5.xsd=org/springframework/beans/factory/xml/spring-tool-2.5.xsd, http://camel.apache.org/schema/osgi/camel-osgi-2.0-M3.xsd=camel-osgi.xsd, http://camel.apache.org/schema/spring/camel-spring-2.13.1.xsd=camel-spring.xsd, http://camel.apache.org/schema/osgi/camel-osgi-2.12.0.xsd=camel-osgi.xsd}
2016-07-07 14:10:06,864 [main           ] DEBUG PluggableSchemaResolver        - Found XML schema [http://www.springframework.org/schema/beans/spring-beans.xsd] in classpath: org/springframework/beans/factory/xml/spring-beans-3.2.xsd
2016-07-07 14:10:06,933 [main           ] DEBUG PluggableSchemaResolver        - Found XML schema [http://www.springframework.org/schema/util/spring-util-3.0.xsd] in classpath: org/springframework/beans/factory/xml/spring-util-3.0.xsd
2016-07-07 14:10:06,940 [main           ] DEBUG PluggableSchemaResolver        - Found XML schema [http://www.springframework.org/schema/tool/spring-tool-3.0.xsd] in classpath: org/springframework/beans/factory/xml/spring-tool-3.0.xsd
2016-07-07 14:10:07,385 [main           ] DEBUG PluggableSchemaResolver        - Found XML schema [http://cxf.apache.org/schemas/configuration/cxf-beans.xsd] in classpath: schemas/configuration/cxf-beans.xsd
2016-07-07 14:10:07,394 [main           ] DEBUG PluggableSchemaResolver        - Found XML schema [http://camel.apache.org/schema/spring/camel-spring.xsd] in classpath: camel-spring.xsd
2016-07-07 14:10:07,506 [main           ] DEBUG ltBeanDefinitionDocumentReader - Loading bean definitions
2016-07-07 14:10:07,539 [main           ] DEBUG efaultNamespaceHandlerResolver - Loaded NamespaceHandler mappings: {http://www.springframework.org/schema/task=org.springframework.scheduling.config.TaskNamespaceHandler, http://www.springframework.org/schema/p=org.springframework.beans.factory.xml.SimplePropertyNamespaceHandler, http://cxf.apache.org/transports/http-jetty/configuration=org.apache.cxf.transport.http_jetty.spring.NamespaceHandler, http://www.w3.org/2006/07/ws-policy=org.apache.cxf.ws.policy.spring.PolicyNamespaceHandler, http://www.springframework.org/schema/lang=org.springframework.scripting.config.LangNamespaceHandler, http://www.springframework.org/schema/util=org.springframework.beans.factory.xml.UtilNamespaceHandler, http://cxf.apache.org/transports/camel=org.apache.camel.component.cxf.transport.spring.NamespaceHandler, http://www.springframework.org/schema/c=org.springframework.beans.factory.xml.SimpleConstructorNamespaceHandler, http://cxf.apache.org/jaxws=org.apache.cxf.jaxws.spring.NamespaceHandler, http://camel.apache.org/schema/spring/v2.13=org.apache.camel.spring.handler.CamelNamespaceHandler, http://cxf.apache.org/policy=org.apache.cxf.ws.policy.spring.NamespaceHandler, http://www.springframework.org/schema/jee=org.springframework.ejb.config.JeeNamespaceHandler, http://cxf.apache.org/transports/http/configuration=org.apache.cxf.transport.http.spring.NamespaceHandler, http://www.springframework.org/schema/tx=org.springframework.transaction.config.TxNamespaceHandler, http://cxf.apache.org/clustering=org.apache.cxf.clustering.spring.NamespaceHandler, http://cxf.apache.org/ws/addressing=org.apache.cxf.ws.addressing.spring.NamespaceHandler, http://cxf.apache.org/simple=org.apache.cxf.frontend.spring.NamespaceHandler, http://www.springframework.org/schema/aop=org.springframework.aop.config.AopNamespaceHandler, http://cxf.apache.org/core=org.apache.cxf.bus.spring.NamespaceHandler, http://www.springframework.org/schema/context=org.springframework.context.config.ContextNamespaceHandler, http://cxf.apache.org/jaxrs=org.apache.cxf.jaxrs.spring.NamespaceHandler, http://schemas.xmlsoap.org/ws/2004/09/policy=org.apache.cxf.ws.policy.spring.PolicyNamespaceHandler, http://www.springframework.org/schema/cache=org.springframework.cache.config.CacheNamespaceHandler, http://camel.apache.org/schema/cxf=org.apache.camel.component.cxf.spring.NamespaceHandler, http://www.w3.org/ns/ws-policy=org.apache.cxf.ws.policy.spring.PolicyNamespaceHandler, http://camel.apache.org/schema/osgi=org.apache.camel.osgi.CamelNamespaceHandler, http://camel.apache.org/schema/spring=org.apache.camel.spring.handler.CamelNamespaceHandler, http://cxf.apache.org/bindings/soap=org.apache.cxf.binding.soap.spring.NamespaceHandler}
2016-07-07 14:10:07,714 [main           ] DEBUG LogUtils                       - Using org.apache.cxf.common.logging.Log4jLogger for logging.
2016-07-07 14:10:07,725 [main           ] DEBUG AbstractBeanDefinitionParser   - Adding org.apache.cxf.configuration.spring.AbstractBeanDefinitionParser.wireBus attribute PROPERTY to bean org.springframework.beans.factory.support.BeanDefinitionBuilder@6cfb7989
2016-07-07 14:10:07,728 [main           ] DEBUG AbstractBeanDefinitionParser   - Adding org.apache.cxf.configuration.spring.AbstractBeanDefinitionParser.wireBus attribute PROPERTY to bean org.springframework.beans.factory.support.BeanDefinitionBuilder@20712b94
2016-07-07 14:10:07,753 [main           ] DEBUG CamelNamespaceHandler          - Using org.apache.camel.spring.CamelContextFactoryBean as CamelContextBeanDefinitionParser
2016-07-07 14:10:08,541 [main           ] INFO  DefaultListableBeanFactory     - Overriding bean definition for bean '_from5': replacing [Generic bean: class [org.apache.camel.spring.CamelEndpointFactoryBean]; scope=; abstract=false; lazyInit=false; autowireMode=0; dependencyCheck=0; autowireCandidate=true; primary=false; factoryBeanName=null; factoryMethodName=null; initMethodName=null; destroyMethodName=null] with [Generic bean: class [org.apache.camel.spring.CamelEndpointFactoryBean]; scope=; abstract=false; lazyInit=false; autowireMode=0; dependencyCheck=0; autowireCandidate=true; primary=false; factoryBeanName=null; factoryMethodName=null; initMethodName=null; destroyMethodName=null]
2016-07-07 14:10:08,541 [main           ] INFO  DefaultListableBeanFactory     - Overriding bean definition for bean '_to4': replacing [Generic bean: class [org.apache.camel.spring.CamelEndpointFactoryBean]; scope=; abstract=false; lazyInit=false; autowireMode=0; dependencyCheck=0; autowireCandidate=true; primary=false; factoryBeanName=null; factoryMethodName=null; initMethodName=null; destroyMethodName=null] with [Generic bean: class [org.apache.camel.spring.CamelEndpointFactoryBean]; scope=; abstract=false; lazyInit=false; autowireMode=0; dependencyCheck=0; autowireCandidate=true; primary=false; factoryBeanName=null; factoryMethodName=null; initMethodName=null; destroyMethodName=null]
2016-07-07 14:10:08,542 [main           ] DEBUG CamelNamespaceHandler          - Registered default: org.apache.camel.spring.CamelProducerTemplateFactoryBean with id: template on camel context: camelContext-20bfdf3f-bb50-4ba3-b48d-7299441206a3
2016-07-07 14:10:08,543 [main           ] DEBUG CamelNamespaceHandler          - Registered default: org.apache.camel.spring.CamelConsumerTemplateFactoryBean with id: consumerTemplate on camel context: camelContext-20bfdf3f-bb50-4ba3-b48d-7299441206a3
2016-07-07 14:10:08,543 [main           ] DEBUG XmlBeanDefinitionReader        - Loaded 12 bean definitions from location pattern [META-INF/spring/bundle-context.xml]
2016-07-07 14:10:08,543 [main           ] DEBUG ClassPathXmlApplicationContext - Bean factory for org.springframework.context.support.ClassPathXmlApplicationContext@4900269d: org.springframework.beans.factory.support.DefaultListableBeanFactory@35ad1590: defining beans [camelTracer,jaxbProvider,schemaHolder,customerRestImplBean,customerRestService,customerRestServiceClient,_from5,_to4,template,consumerTemplate,camelContext-20bfdf3f-bb50-4ba3-b48d-7299441206a3:beanPostProcessor,camelContext-20bfdf3f-bb50-4ba3-b48d-7299441206a3]; root of factory hierarchy
2016-07-07 14:10:08,562 [main           ] DEBUG DefaultListableBeanFactory     - Creating shared instance of singleton bean 'camelContext-20bfdf3f-bb50-4ba3-b48d-7299441206a3:beanPostProcessor'
2016-07-07 14:10:08,562 [main           ] DEBUG DefaultListableBeanFactory     - Creating instance of bean 'camelContext-20bfdf3f-bb50-4ba3-b48d-7299441206a3:beanPostProcessor'
2016-07-07 14:10:08,578 [main           ] DEBUG DefaultListableBeanFactory     - Eagerly caching bean 'camelContext-20bfdf3f-bb50-4ba3-b48d-7299441206a3:beanPostProcessor' to allow for resolving potential circular references
2016-07-07 14:10:08,609 [main           ] DEBUG DefaultListableBeanFactory     - Finished creating instance of bean 'camelContext-20bfdf3f-bb50-4ba3-b48d-7299441206a3:beanPostProcessor'
2016-07-07 14:10:08,611 [main           ] DEBUG ClassPathXmlApplicationContext - Unable to locate MessageSource with name 'messageSource': using default [org.springframework.context.support.DelegatingMessageSource@63450f7c]
2016-07-07 14:10:08,612 [main           ] DEBUG ClassPathXmlApplicationContext - Unable to locate ApplicationEventMulticaster with name 'applicationEventMulticaster': using default [org.springframework.context.event.SimpleApplicationEventMulticaster@345f08db]
2016-07-07 14:10:08,615 [main           ] INFO  DefaultListableBeanFactory     - Pre-instantiating singletons in org.springframework.beans.factory.support.DefaultListableBeanFactory@35ad1590: defining beans [camelTracer,jaxbProvider,schemaHolder,customerRestImplBean,customerRestService,customerRestServiceClient,_from5,_to4,template,consumerTemplate,camelContext-20bfdf3f-bb50-4ba3-b48d-7299441206a3:beanPostProcessor,camelContext-20bfdf3f-bb50-4ba3-b48d-7299441206a3]; root of factory hierarchy
2016-07-07 14:10:08,615 [main           ] DEBUG DefaultListableBeanFactory     - Creating shared instance of singleton bean 'camelTracer'
2016-07-07 14:10:08,615 [main           ] DEBUG DefaultListableBeanFactory     - Creating instance of bean 'camelTracer'
2016-07-07 14:10:08,619 [main           ] DEBUG DefaultListableBeanFactory     - Eagerly caching bean 'camelTracer' to allow for resolving potential circular references
2016-07-07 14:10:08,629 [main           ] DEBUG BeanUtils                      - No property editor [org.apache.camel.LoggingLevelEditor] found for type org.apache.camel.LoggingLevel according to 'Editor' suffix convention
2016-07-07 14:10:08,633 [main           ] DEBUG DefaultListableBeanFactory     - Finished creating instance of bean 'camelTracer'
2016-07-07 14:10:08,633 [main           ] DEBUG DefaultListableBeanFactory     - Creating shared instance of singleton bean 'jaxbProvider'
2016-07-07 14:10:08,633 [main           ] DEBUG DefaultListableBeanFactory     - Creating instance of bean 'jaxbProvider'
2016-07-07 14:10:08,638 [main           ] DEBUG DefaultListableBeanFactory     - Eagerly caching bean 'jaxbProvider' to allow for resolving potential circular references
2016-07-07 14:10:08,639 [main           ] DEBUG DefaultListableBeanFactory     - Creating shared instance of singleton bean 'schemaHolder'
2016-07-07 14:10:08,639 [main           ] DEBUG DefaultListableBeanFactory     - Creating instance of bean 'schemaHolder'
2016-07-07 14:10:08,639 [main           ] DEBUG DefaultListableBeanFactory     - Eagerly caching bean 'schemaHolder' to allow for resolving potential circular references
2016-07-07 14:10:08,645 [main           ] DEBUG DefaultListableBeanFactory     - Invoking afterPropertiesSet() on bean with name 'schemaHolder'
2016-07-07 14:10:08,645 [main           ] DEBUG DefaultListableBeanFactory     - Finished creating instance of bean 'schemaHolder'
2016-07-07 14:10:08,786 [main           ] DEBUG DefaultResourceManager         - resolving resource <META-INF/jax-rs-catalog.xml> type <class java.net.URL>
2016-07-07 14:10:08,786 [main           ] WARN  ResourceUtils                  - No resource classpath:META-INF/jax-rs-catalog.xml is available
2016-07-07 14:10:08,906 [main           ] DEBUG DefaultListableBeanFactory     - Finished creating instance of bean 'jaxbProvider'
2016-07-07 14:10:08,906 [main           ] DEBUG DefaultListableBeanFactory     - Returning cached instance of singleton bean 'schemaHolder'
2016-07-07 14:10:08,907 [main           ] DEBUG DefaultListableBeanFactory     - Creating shared instance of singleton bean 'customerRestImplBean'
2016-07-07 14:10:08,907 [main           ] DEBUG DefaultListableBeanFactory     - Creating instance of bean 'customerRestImplBean'
2016-07-07 14:10:08,907 [main           ] DEBUG DefaultListableBeanFactory     - Eagerly caching bean 'customerRestImplBean' to allow for resolving potential circular references
2016-07-07 14:10:08,907 [main           ] DEBUG DefaultListableBeanFactory     - Creating shared instance of singleton bean 'camelContext-20bfdf3f-bb50-4ba3-b48d-7299441206a3'
2016-07-07 14:10:08,907 [main           ] DEBUG DefaultListableBeanFactory     - Creating instance of bean 'camelContext-20bfdf3f-bb50-4ba3-b48d-7299441206a3'
2016-07-07 14:10:08,908 [main           ] DEBUG DefaultListableBeanFactory     - Eagerly caching bean 'camelContext-20bfdf3f-bb50-4ba3-b48d-7299441206a3' to allow for resolving potential circular references
2016-07-07 14:10:08,930 [main           ] DEBUG DefaultListableBeanFactory     - Returning cached instance of singleton bean 'camelContext-20bfdf3f-bb50-4ba3-b48d-7299441206a3:beanPostProcessor'
2016-07-07 14:10:08,936 [main           ] DEBUG DefaultListableBeanFactory     - Invoking afterPropertiesSet() on bean with name 'camelContext-20bfdf3f-bb50-4ba3-b48d-7299441206a3'
2016-07-07 14:10:08,939 [main           ] DEBUG DefaultListableBeanFactory     - Returning eagerly cached instance of singleton bean 'camelContext-20bfdf3f-bb50-4ba3-b48d-7299441206a3' that is not fully initialized yet - a consequence of a circular reference
2016-07-07 14:10:09,108 [main           ] DEBUG SpringCamelContext             - Set the application context classloader to: sun.misc.Launcher$AppClassLoader@f52d950
2016-07-07 14:10:09,112 [main           ] DEBUG DefaultListableBeanFactory     - Returning cached instance of singleton bean 'camelTracer'
2016-07-07 14:10:09,113 [main           ] INFO  bstractCamelContextFactoryBean - Using custom Tracer: Tracer
2016-07-07 14:10:09,116 [main           ] DEBUG DefaultListableBeanFactory     - Returning cached instance of singleton bean 'camelTracer'
2016-07-07 14:10:09,116 [main           ] DEBUG DefaultListableBeanFactory     - Finished creating instance of bean 'camelContext-20bfdf3f-bb50-4ba3-b48d-7299441206a3'
2016-07-07 14:10:09,119 [main           ] DEBUG SpringCamelContext             - Using ComponentResolver: org.apache.camel.impl.DefaultComponentResolver@2ee5d3df to resolve component with name: direct
2016-07-07 14:10:09,119 [main           ] DEBUG DefaultComponentResolver       - Found component: direct in registry: null
2016-07-07 14:10:09,122 [main           ] DEBUG DefaultComponentResolver       - Found component: direct via type: org.apache.camel.component.direct.DirectComponent via: META-INF/services/org/apache/camel/component/direct
2016-07-07 14:10:09,123 [main           ] DEBUG DefaultListableBeanFactory     - Creating instance of bean 'org.apache.camel.component.direct.DirectComponent'
2016-07-07 14:10:09,137 [main           ] DEBUG DefaultListableBeanFactory     - Finished creating instance of bean 'org.apache.camel.component.direct.DirectComponent'
2016-07-07 14:10:09,138 [main           ] DEBUG DefaultComponent               - Creating endpoint uri=[direct://uploadToQueue], path=[uploadToQueue]
2016-07-07 14:10:09,149 [main           ] DEBUG AnnotationTypeConverterLoader  - Found 3 packages with 15 @Converter classes to load
2016-07-07 14:10:09,170 [main           ] DEBUG AnnotationTypeConverterLoader  - Loading file META-INF/services/org/apache/camel/TypeConverter to retrieve list of packages, from url: jar:file:/home/kevclark/.m2/repository/org/apache/camel/camel-core/2.13.1/camel-core-2.13.1.jar!/META-INF/services/org/apache/camel/TypeConverter
2016-07-07 14:10:09,170 [main           ] DEBUG AnnotationTypeConverterLoader  - Loading file META-INF/services/org/apache/camel/TypeConverter to retrieve list of packages, from url: jar:file:/home/kevclark/.m2/repository/org/apache/camel/camel-cxf/2.13.1/camel-cxf-2.13.1.jar!/META-INF/services/org/apache/camel/TypeConverter
2016-07-07 14:10:09,170 [main           ] DEBUG AnnotationTypeConverterLoader  - Loading file META-INF/services/org/apache/camel/TypeConverter to retrieve list of packages, from url: jar:file:/home/kevclark/.m2/repository/org/apache/camel/camel-spring/2.13.1/camel-spring-2.13.1.jar!/META-INF/services/org/apache/camel/TypeConverter
2016-07-07 14:10:09,172 [main           ] DEBUG AnnotationTypeConverterLoader  - Loaded 3 @Converter classes
2016-07-07 14:10:09,175 [main           ] INFO  DefaultTypeConverter           - Loaded 193 type converters
2016-07-07 14:10:09,177 [main           ] DEBUG SpringCamelContext             - direct://uploadToQueue converted to endpoint: Endpoint[direct://uploadToQueue] by component: org.apache.camel.component.direct.DirectComponent@7498213f
2016-07-07 14:10:09,180 [main           ] DEBUG SharedProducerServicePool      - Starting service pool: org.apache.camel.impl.SharedProducerServicePool@6895a6ed
2016-07-07 14:10:09,180 [main           ] DEBUG DefaultListableBeanFactory     - Finished creating instance of bean 'customerRestImplBean'
2016-07-07 14:10:09,181 [main           ] DEBUG DefaultListableBeanFactory     - Returning cached instance of singleton bean 'camelContext-20bfdf3f-bb50-4ba3-b48d-7299441206a3'
2016-07-07 14:10:09,181 [main           ] DEBUG DefaultListableBeanFactory     - Creating shared instance of singleton bean '_from5'
2016-07-07 14:10:09,181 [main           ] DEBUG DefaultListableBeanFactory     - Creating instance of bean '_from5'
2016-07-07 14:10:09,181 [main           ] DEBUG DefaultListableBeanFactory     - Eagerly caching bean '_from5' to allow for resolving potential circular references
2016-07-07 14:10:09,185 [main           ] DEBUG DefaultListableBeanFactory     - Returning cached instance of singleton bean 'camelContext-20bfdf3f-bb50-4ba3-b48d-7299441206a3'
2016-07-07 14:10:09,185 [main           ] DEBUG DefaultListableBeanFactory     - Finished creating instance of bean '_from5'
2016-07-07 14:10:09,186 [main           ] DEBUG DefaultListableBeanFactory     - Returning cached instance of singleton bean 'camelContext-20bfdf3f-bb50-4ba3-b48d-7299441206a3'
2016-07-07 14:10:09,186 [main           ] DEBUG DefaultListableBeanFactory     - Creating shared instance of singleton bean '_to4'
2016-07-07 14:10:09,186 [main           ] DEBUG DefaultListableBeanFactory     - Creating instance of bean '_to4'
2016-07-07 14:10:09,186 [main           ] DEBUG DefaultListableBeanFactory     - Eagerly caching bean '_to4' to allow for resolving potential circular references
2016-07-07 14:10:09,186 [main           ] DEBUG DefaultListableBeanFactory     - Returning cached instance of singleton bean 'camelContext-20bfdf3f-bb50-4ba3-b48d-7299441206a3'
2016-07-07 14:10:09,186 [main           ] DEBUG DefaultListableBeanFactory     - Finished creating instance of bean '_to4'
2016-07-07 14:10:09,186 [main           ] DEBUG DefaultListableBeanFactory     - Creating shared instance of singleton bean 'template'
2016-07-07 14:10:09,186 [main           ] DEBUG DefaultListableBeanFactory     - Creating instance of bean 'template'
2016-07-07 14:10:09,186 [main           ] DEBUG DefaultListableBeanFactory     - Eagerly caching bean 'template' to allow for resolving potential circular references
2016-07-07 14:10:09,187 [main           ] DEBUG DefaultListableBeanFactory     - Invoking afterPropertiesSet() on bean with name 'template'
2016-07-07 14:10:09,187 [main           ] DEBUG DefaultListableBeanFactory     - Finished creating instance of bean 'template'
2016-07-07 14:10:09,187 [main           ] DEBUG DefaultListableBeanFactory     - Creating shared instance of singleton bean 'consumerTemplate'
2016-07-07 14:10:09,187 [main           ] DEBUG DefaultListableBeanFactory     - Creating instance of bean 'consumerTemplate'
2016-07-07 14:10:09,187 [main           ] DEBUG DefaultListableBeanFactory     - Eagerly caching bean 'consumerTemplate' to allow for resolving potential circular references
2016-07-07 14:10:09,188 [main           ] DEBUG DefaultListableBeanFactory     - Invoking afterPropertiesSet() on bean with name 'consumerTemplate'
2016-07-07 14:10:09,188 [main           ] DEBUG DefaultListableBeanFactory     - Finished creating instance of bean 'consumerTemplate'
2016-07-07 14:10:09,188 [main           ] DEBUG DefaultListableBeanFactory     - Returning cached instance of singleton bean 'camelContext-20bfdf3f-bb50-4ba3-b48d-7299441206a3:beanPostProcessor'
2016-07-07 14:10:09,188 [main           ] DEBUG DefaultListableBeanFactory     - Returning cached instance of singleton bean 'camelContext-20bfdf3f-bb50-4ba3-b48d-7299441206a3'
2016-07-07 14:10:09,189 [main           ] DEBUG ClassPathXmlApplicationContext - Unable to locate LifecycleProcessor with name 'lifecycleProcessor': using default [org.springframework.context.support.DefaultLifecycleProcessor@68407cdd]
2016-07-07 14:10:09,189 [main           ] DEBUG DefaultListableBeanFactory     - Returning cached instance of singleton bean 'lifecycleProcessor'
2016-07-07 14:10:09,191 [main           ] DEBUG DefaultListableBeanFactory     - Returning cached instance of singleton bean 'camelContext-20bfdf3f-bb50-4ba3-b48d-7299441206a3'
2016-07-07 14:10:09,191 [main           ] DEBUG bstractCamelContextFactoryBean - Setting up routes
2016-07-07 14:10:09,193 [main           ] DEBUG bstractCamelContextFactoryBean - Found JAXB created routes: [Route(_route5)[[From[direct:callRestEndpoint]] -> [Log[\n\n\t DIRECT ENDPOINT RECEIVED EXCHANGE:\t ${body.getClass().toString()}\n\tSETTING HEADERS AND FORWARDING FOR CXFRS CLIENT\n], SetHeader[Content-Type, constant{text/xml; charset=utf-8}], SetHeader[Accept, constant{text/xml; charset=utf-8}], SetHeader[CamelHTTPMethod, constant{POST}], SetHeader[CamelCxfRsUsingHttpAPI, constant{True}], Choice[[When[simple{${in.header.type} == 'add'} -> [SetHeader[CamelHTTPPath, constant{/PersonEJB/addSystemRecordRequest}]]], When[simple{${in.header.type} == 'update'} -> [SetHeader[CamelHTTPPath, constant{/PersonEJB/updateSystemRecordRequest}]]], When[simple{${in.header.type} == 'search'} -> [SetHeader[CamelHTTPPath, constant{/PersonEJB/searchRequest}]]]]], To[cxfrs:bean:customerRestServiceClient], Log[\n\n##\n###\n####\nREST CLIENT MESSAGE SENT \n\t${headers}\n\nbody: \t${in.body}\n]]], Route(route1)[[From[cxf:bean:customerRestService]] -> [Log[\n\ngot rest call\n\n]]]]
2016-07-07 14:10:09,193 [main           ] DEBUG SpringCamelContext             - onApplicationEvent: org.springframework.context.event.ContextRefreshedEvent[source=org.springframework.context.support.ClassPathXmlApplicationContext@4900269d: startup date [Thu Jul 07 14:10:06 MST 2016]; root of context hierarchy]
2016-07-07 14:10:09,194 [main           ] DEBUG ropertySourcesPropertyResolver - Searching for key 'spring.liveBeansView.mbeanDomain' in [systemProperties]
2016-07-07 14:10:09,194 [main           ] DEBUG ropertySourcesPropertyResolver - Searching for key 'spring.liveBeansView.mbeanDomain' in [systemEnvironment]
2016-07-07 14:10:09,195 [main           ] DEBUG ropertySourcesPropertyResolver - Could not find key 'spring.liveBeansView.mbeanDomain' in any property source. Returning [null]
2016-07-07 14:10:09,195 [main           ] DEBUG TestDirect                     - setUp test
2016-07-07 14:10:09,195 [main           ] DEBUG DefaultListableBeanFactory     - Returning cached instance of singleton bean 'camelContext-20bfdf3f-bb50-4ba3-b48d-7299441206a3'
2016-07-07 14:10:09,197 [main           ] DEBUG SpringCamelContext             - Using ComponentResolver: org.apache.camel.impl.DefaultComponentResolver@2ee5d3df to resolve component with name: properties
2016-07-07 14:10:09,197 [main           ] DEBUG DefaultComponentResolver       - Found component: properties in registry: null
2016-07-07 14:10:09,197 [main           ] DEBUG DefaultComponentResolver       - Found component: properties via type: org.apache.camel.component.properties.PropertiesComponent via: META-INF/services/org/apache/camel/component/properties
2016-07-07 14:10:09,197 [main           ] DEBUG DefaultListableBeanFactory     - Creating instance of bean 'org.apache.camel.component.properties.PropertiesComponent'
2016-07-07 14:10:09,202 [main           ] DEBUG DefaultListableBeanFactory     - Finished creating instance of bean 'org.apache.camel.component.properties.PropertiesComponent'
2016-07-07 14:10:09,203 [main           ] DEBUG DefaultComponent               - Creating endpoint uri=[direct://callRestEndpoint], path=[callRestEndpoint]
2016-07-07 14:10:09,203 [main           ] DEBUG SpringCamelContext             - direct://callRestEndpoint converted to endpoint: Endpoint[direct://callRestEndpoint] by component: org.apache.camel.component.direct.DirectComponent@7498213f
2016-07-07 14:10:09,205 [main           ] DEBUG DefaultListableBeanFactory     - Returning cached instance of singleton bean 'camelContext-20bfdf3f-bb50-4ba3-b48d-7299441206a3'
2016-07-07 14:10:09,207 [main           ] DEBUG TestDirect                     - Using created route builder: Routes: []
2016-07-07 14:10:09,207 [main           ] DEBUG SpringCamelContext             - Adding routes from builder: Routes: []
2016-07-07 14:10:09,208 [main           ] INFO  SpringCamelContext             - Apache Camel 2.13.1 (CamelContext: camelContext-20bfdf3f-bb50-4ba3-b48d-7299441206a3) is starting
2016-07-07 14:10:09,208 [main           ] DEBUG SpringCamelContext             - Using ClassResolver=org.apache.camel.impl.DefaultClassResolver@1fb51af1, PackageScanClassResolver=org.apache.camel.impl.DefaultPackageScanClassResolver@2afbd47a, ApplicationContextClassLoader=sun.misc.Launcher$AppClassLoader@f52d950
2016-07-07 14:10:09,208 [main           ] INFO  SpringCamelContext             - Tracing is enabled on CamelContext: camelContext-20bfdf3f-bb50-4ba3-b48d-7299441206a3
2016-07-07 14:10:09,208 [main           ] INFO  ManagedManagementStrategy      - JMX is enabled
2016-07-07 14:10:09,236 [main           ] DEBUG DefaultManagementAgent         - Starting JMX agent on server: com.sun.jmx.mbeanserver.JmxMBeanServer@6c0cc94e
2016-07-07 14:10:09,291 [main           ] DEBUG DefaultManagementAgent         - Registered MBean with ObjectName: org.apache.camel:context=camelContext-20bfdf3f-bb50-4ba3-b48d-7299441206a3,type=context,name="camelContext-20bfdf3f-bb50-4ba3-b48d-7299441206a3"
2016-07-07 14:10:09,291 [main           ] DEBUG TimerListenerManager           - Added TimerListener: org.apache.camel.management.mbean.ManagedCamelContext@44e4014
2016-07-07 14:10:09,291 [main           ] DEBUG ultManagementLifecycleStrategy - Registering 6 pre registered services
2016-07-07 14:10:09,294 [main           ] DEBUG DefaultManagementAgent         - Registered MBean with ObjectName: org.apache.camel:context=camelContext-20bfdf3f-bb50-4ba3-b48d-7299441206a3,type=components,name="spring-event"
2016-07-07 14:10:09,295 [main           ] DEBUG DefaultManagementAgent         - Registered MBean with ObjectName: org.apache.camel:context=camelContext-20bfdf3f-bb50-4ba3-b48d-7299441206a3,type=components,name="direct"
2016-07-07 14:10:09,308 [main           ] DEBUG DefaultManagementAgent         - Registered MBean with ObjectName: org.apache.camel:context=camelContext-20bfdf3f-bb50-4ba3-b48d-7299441206a3,type=services,name=DefaultTypeConverter
2016-07-07 14:10:09,313 [main           ] DEBUG DefaultManagementAgent         - Registered MBean with ObjectName: org.apache.camel:context=camelContext-20bfdf3f-bb50-4ba3-b48d-7299441206a3,type=endpoints,name="direct://uploadToQueue"
2016-07-07 14:10:09,314 [main           ] DEBUG DefaultManagementAgent         - Registered MBean with ObjectName: org.apache.camel:context=camelContext-20bfdf3f-bb50-4ba3-b48d-7299441206a3,type=components,name="properties"
2016-07-07 14:10:09,316 [main           ] DEBUG DefaultManagementAgent         - Registered MBean with ObjectName: org.apache.camel:context=camelContext-20bfdf3f-bb50-4ba3-b48d-7299441206a3,type=endpoints,name="direct://callRestEndpoint"
2016-07-07 14:10:09,321 [main           ] DEBUG DefaultManagementAgent         - Registered MBean with ObjectName: org.apache.camel:context=camelContext-20bfdf3f-bb50-4ba3-b48d-7299441206a3,type=services,name=EndpointRegistry
2016-07-07 14:10:09,323 [main           ] DEBUG DefaultManagementAgent         - Registered MBean with ObjectName: org.apache.camel:context=camelContext-20bfdf3f-bb50-4ba3-b48d-7299441206a3,type=services,name=DefaultExecutorServiceManager
2016-07-07 14:10:09,325 [main           ] DEBUG DefaultManagementAgent         - Registered MBean with ObjectName: org.apache.camel:context=camelContext-20bfdf3f-bb50-4ba3-b48d-7299441206a3,type=services,name=SharedProducerServicePool
2016-07-07 14:10:09,328 [main           ] DEBUG DefaultManagementAgent         - Registered MBean with ObjectName: org.apache.camel:context=camelContext-20bfdf3f-bb50-4ba3-b48d-7299441206a3,type=services,name=DefaultInflightRepository
2016-07-07 14:10:09,331 [main           ] DEBUG DefaultManagementAgent         - Registered MBean with ObjectName: org.apache.camel:context=camelContext-20bfdf3f-bb50-4ba3-b48d-7299441206a3,type=services,name=DefaultShutdownStrategy
2016-07-07 14:10:09,334 [main           ] DEBUG DefaultManagementAgent         - Registered MBean with ObjectName: org.apache.camel:context=camelContext-20bfdf3f-bb50-4ba3-b48d-7299441206a3,type=services,name=DefaultPackageScanClassResolver
2016-07-07 14:10:09,337 [main           ] DEBUG DefaultManagementAgent         - Registered MBean with ObjectName: org.apache.camel:context=camelContext-20bfdf3f-bb50-4ba3-b48d-7299441206a3,type=eventnotifiers,name=EventNotifier(0x6af1a80d)
2016-07-07 14:10:09,347 [main           ] DEBUG DefaultListableBeanFactory     - Creating instance of bean 'org.apache.camel.language.simple.SimpleLanguage'
2016-07-07 14:10:09,348 [main           ] DEBUG DefaultListableBeanFactory     - Finished creating instance of bean 'org.apache.camel.language.simple.SimpleLanguage'
2016-07-07 14:10:09,364 [main           ] DEBUG LogDefinition                  - The LogName is null. Falling back to create logger by using the route id _route5.
2016-07-07 14:10:09,367 [main           ] DEBUG DefaultChannel                 - Initialize channel for target: 'Log[\n\n\t DIRECT ENDPOINT RECEIVED EXCHANGE:\t ${body.getClass().toString()}\n\tSETTING HEADERS AND FORWARDING FOR CXFRS CLIENT\n]'
2016-07-07 14:10:09,374 [main           ] DEBUG DefaultManagementAgent         - Registered MBean with ObjectName: org.apache.camel:context=camelContext-20bfdf3f-bb50-4ba3-b48d-7299441206a3,type=tracer,name=BacklogTracer
2016-07-07 14:10:09,381 [main           ] DEBUG DefaultManagementAgent         - Registered MBean with ObjectName: org.apache.camel:context=camelContext-20bfdf3f-bb50-4ba3-b48d-7299441206a3,type=tracer,name=BacklogDebugger
2016-07-07 14:10:09,397 [main           ] DEBUG DefaultManagementAgent         - Registered MBean with ObjectName: org.apache.camel:context=camelContext-20bfdf3f-bb50-4ba3-b48d-7299441206a3,type=tracer,name=Tracer
2016-07-07 14:10:09,416 [main           ] DEBUG DefaultManagementAgent         - Registered MBean with ObjectName: org.apache.camel:context=camelContext-20bfdf3f-bb50-4ba3-b48d-7299441206a3,type=errorhandlers,name="DefaultErrorHandlerBuilder(ref:CamelDefaultErrorHandlerBuilder)"
2016-07-07 14:10:09,418 [main           ] DEBUG DefaultListableBeanFactory     - Creating instance of bean 'org.apache.camel.language.constant.ConstantLanguage'
2016-07-07 14:10:09,419 [main           ] DEBUG DefaultListableBeanFactory     - Finished creating instance of bean 'org.apache.camel.language.constant.ConstantLanguage'
2016-07-07 14:10:09,420 [main           ] DEBUG DefaultChannel                 - Initialize channel for target: 'SetHeader[Content-Type, constant{text/xml; charset=utf-8}]'
2016-07-07 14:10:09,420 [main           ] DEBUG DefaultChannel                 - Initialize channel for target: 'SetHeader[Accept, constant{text/xml; charset=utf-8}]'
2016-07-07 14:10:09,421 [main           ] DEBUG DefaultChannel                 - Initialize channel for target: 'SetHeader[CamelHTTPMethod, constant{POST}]'
2016-07-07 14:10:09,422 [main           ] DEBUG DefaultChannel                 - Initialize channel for target: 'SetHeader[CamelCxfRsUsingHttpAPI, constant{True}]'
2016-07-07 14:10:09,423 [main           ] DEBUG DefaultChannel                 - Initialize channel for target: 'SetHeader[CamelHTTPPath, constant{/PersonEJB/addSystemRecordRequest}]'
2016-07-07 14:10:09,425 [main           ] DEBUG DefaultChannel                 - Initialize channel for target: 'SetHeader[CamelHTTPPath, constant{/PersonEJB/updateSystemRecordRequest}]'
2016-07-07 14:10:09,426 [main           ] DEBUG DefaultChannel                 - Initialize channel for target: 'SetHeader[CamelHTTPPath, constant{/PersonEJB/searchRequest}]'
2016-07-07 14:10:09,426 [main           ] DEBUG DefaultChannel                 - Initialize channel for target: 'Choice[[When[simple{${in.header.type} == 'add'} -> [SetHeader[CamelHTTPPath, constant{/PersonEJB/addSystemRecordRequest}]]], When[simple{${in.header.type} == 'update'} -> [SetHeader[CamelHTTPPath, constant{/PersonEJB/updateSystemRecordRequest}]]], When[simple{${in.header.type} == 'search'} -> [SetHeader[CamelHTTPPath, constant{/PersonEJB/searchRequest}]]]]]'
2016-07-07 14:10:09,428 [main           ] DEBUG SpringCamelContext             - Using ComponentResolver: org.apache.camel.impl.DefaultComponentResolver@2ee5d3df to resolve component with name: cxfrs
2016-07-07 14:10:09,428 [main           ] DEBUG DefaultComponentResolver       - Found component: cxfrs in registry: null
2016-07-07 14:10:09,429 [main           ] DEBUG DefaultComponentResolver       - Found component: cxfrs via type: org.apache.camel.component.cxf.jaxrs.CxfRsComponent via: META-INF/services/org/apache/camel/component/cxfrs
2016-07-07 14:10:09,429 [main           ] DEBUG DefaultListableBeanFactory     - Creating instance of bean 'org.apache.camel.component.cxf.jaxrs.CxfRsComponent'
2016-07-07 14:10:09,431 [main           ] DEBUG DefaultListableBeanFactory     - Returning cached instance of singleton bean 'camelContext-20bfdf3f-bb50-4ba3-b48d-7299441206a3'
2016-07-07 14:10:09,432 [main           ] DEBUG DefaultListableBeanFactory     - Autowiring by type from bean name 'org.apache.camel.component.cxf.jaxrs.CxfRsComponent' via constructor to bean named 'camelContext-20bfdf3f-bb50-4ba3-b48d-7299441206a3'
2016-07-07 14:10:09,432 [main           ] DEBUG DefaultListableBeanFactory     - Finished creating instance of bean 'org.apache.camel.component.cxf.jaxrs.CxfRsComponent'
2016-07-07 14:10:09,433 [main           ] DEBUG DefaultManagementAgent         - Registered MBean with ObjectName: org.apache.camel:context=camelContext-20bfdf3f-bb50-4ba3-b48d-7299441206a3,type=components,name="cxfrs"
2016-07-07 14:10:09,434 [main           ] DEBUG DefaultComponent               - Creating endpoint uri=[cxfrs://bean:customerRestServiceClient], path=[bean:customerRestServiceClient]
2016-07-07 14:10:09,434 [main           ] DEBUG DefaultListableBeanFactory     - Creating instance of bean 'customerRestServiceClient'
2016-07-07 14:10:09,466 [main           ] DEBUG DefaultListableBeanFactory     - Returning cached instance of singleton bean 'jaxbProvider'
2016-07-07 14:10:09,516 [main           ] DEBUG ConfigurerImpl                 - Could not determine bean name for instance of class org.apache.cxf.ws.policy.PolicyDataEngineImpl.
2016-07-07 14:10:09,517 [main           ] DEBUG ConfigurerImpl                 - Could not determine bean name for instance of class org.apache.cxf.ws.policy.PolicyAnnotationListener.
2016-07-07 14:10:09,518 [main           ] DEBUG ConfigurerImpl                 - Could not determine bean name for instance of class org.apache.cxf.service.factory.FactoryBeanListenerManager.
2016-07-07 14:10:09,521 [main           ] DEBUG ConfigurerImpl                 - Could not determine bean name for instance of class org.apache.cxf.ws.policy.PolicyEngineImpl.
2016-07-07 14:10:09,522 [main           ] DEBUG ConfigurerImpl                 - Could not determine bean name for instance of class org.apache.cxf.bus.managers.CXFBusLifeCycleManager.
2016-07-07 14:10:09,524 [main           ] DEBUG ConfigurerImpl                 - Could not determine bean name for instance of class org.apache.cxf.bus.managers.ServerRegistryImpl.
2016-07-07 14:10:09,524 [main           ] DEBUG DefaultListableBeanFactory     - Returning cached instance of singleton bean 'cxf'
2016-07-07 14:10:09,524 [main           ] DEBUG DefaultListableBeanFactory     - Returning cached instance of singleton bean 'cxf'
2016-07-07 14:10:09,534 [main           ] DEBUG ConfigurerImpl                 - Could not determine bean name for instance of class org.apache.cxf.binding.soap.SoapBindingFactory.
2016-07-07 14:10:09,535 [main           ] DEBUG ConfigurerImpl                 - Could not determine bean name for instance of class org.apache.cxf.binding.xml.XMLBindingFactory.
2016-07-07 14:10:09,538 [main           ] DEBUG DefaultListableBeanFactory     - Finished creating instance of bean 'customerRestServiceClient'
2016-07-07 14:10:09,541 [main           ] DEBUG IntrospectionSupport           - Configured property: beanId on bean: Endpoint[bean:customerRestServiceClient] with value: customerRestServiceClient
2016-07-07 14:10:09,541 [main           ] DEBUG SpringCamelContext             - cxfrs://bean:customerRestServiceClient converted to endpoint: Endpoint[cxfrs://bean:customerRestServiceClient] by component: org.apache.camel.component.cxf.jaxrs.CxfRsComponent@1cbaaf
2016-07-07 14:10:09,547 [main           ] DEBUG DefaultChannel                 - Initialize channel for target: 'To[cxfrs:bean:customerRestServiceClient]'
2016-07-07 14:10:09,551 [main           ] DEBUG LogDefinition                  - The LogName is null. Falling back to create logger by using the route id _route5.
2016-07-07 14:10:09,551 [main           ] DEBUG DefaultChannel                 - Initialize channel for target: 'Log[\n\n##\n###\n####\nREST CLIENT MESSAGE SENT \n\t${headers}\n\nbody: \t${in.body}\n]'
2016-07-07 14:10:09,557 [main           ] DEBUG SpringCamelContext             - Using ComponentResolver: org.apache.camel.impl.DefaultComponentResolver@2ee5d3df to resolve component with name: cxf
2016-07-07 14:10:09,557 [main           ] DEBUG DefaultListableBeanFactory     - Returning cached instance of singleton bean 'cxf'
2016-07-07 14:10:09,557 [main           ] DEBUG DefaultComponentResolver       - Found component: cxf in registry: org.apache.cxf.bus.spring.SpringBus@7288e13f
2016-07-07 14:10:09,558 [main           ] DEBUG DefaultComponentResolver       - Found component: cxf via type: org.apache.camel.component.cxf.CxfComponent via: META-INF/services/org/apache/camel/component/cxf
2016-07-07 14:10:09,558 [main           ] DEBUG DefaultListableBeanFactory     - Creating instance of bean 'org.apache.camel.component.cxf.CxfComponent'
2016-07-07 14:10:09,560 [main           ] DEBUG DefaultListableBeanFactory     - Returning cached instance of singleton bean 'camelContext-20bfdf3f-bb50-4ba3-b48d-7299441206a3'
2016-07-07 14:10:09,560 [main           ] DEBUG DefaultListableBeanFactory     - Autowiring by type from bean name 'org.apache.camel.component.cxf.CxfComponent' via constructor to bean named 'camelContext-20bfdf3f-bb50-4ba3-b48d-7299441206a3'
2016-07-07 14:10:09,561 [main           ] DEBUG DefaultListableBeanFactory     - Finished creating instance of bean 'org.apache.camel.component.cxf.CxfComponent'
2016-07-07 14:10:09,562 [main           ] DEBUG DefaultManagementAgent         - Registered MBean with ObjectName: org.apache.camel:context=camelContext-20bfdf3f-bb50-4ba3-b48d-7299441206a3,type=components,name="cxf"
2016-07-07 14:10:09,562 [main           ] DEBUG DefaultComponent               - Creating endpoint uri=[cxf://bean:customerRestService], path=[bean:customerRestService]
2016-07-07 14:10:09,563 [main           ] DEBUG DefaultListableBeanFactory     - Creating instance of bean 'customerRestService'
2016-07-07 14:10:09,574 [main           ] DEBUG DefaultListableBeanFactory     - Returning cached instance of singleton bean 'jaxbProvider'
2016-07-07 14:10:09,575 [main           ] DEBUG DefaultListableBeanFactory     - Returning cached instance of singleton bean 'cxf'
2016-07-07 14:10:09,576 [main           ] DEBUG DefaultListableBeanFactory     - Finished creating instance of bean 'customerRestService'
2016-07-07 14:10:09,576 [main           ] DEBUG BeanUtils                      - No property editor [org.apache.camel.component.cxf.CxfEndpointEditor] found for type org.apache.camel.component.cxf.CxfEndpoint according to 'Editor' suffix convention
2016-07-07 14:10:09,577 [main           ] DEBUG DefaultListableBeanFactory     - Failed to convert bean 'customerRestService' to required type [org.apache.camel.component.cxf.CxfEndpoint]
org.springframework.beans.ConversionNotSupportedException: Failed to convert value of type 'org.apache.camel.component.cxf.spring.SpringJAXRSServerFactoryBean' to required type 'org.apache.camel.component.cxf.CxfEndpoint'; nested exception is java.lang.IllegalStateException: Cannot convert value of type [org.apache.camel.component.cxf.spring.SpringJAXRSServerFactoryBean] to required type [org.apache.camel.component.cxf.CxfEndpoint]: no matching editors or conversion strategy found
	at org.springframework.beans.TypeConverterSupport.doConvert(TypeConverterSupport.java:71)
	at org.springframework.beans.TypeConverterSupport.convertIfNecessary(TypeConverterSupport.java:39)
	at org.springframework.beans.factory.support.AbstractBeanFactory.doGetBean(AbstractBeanFactory.java:360)
	at org.springframework.beans.factory.support.AbstractBeanFactory.getBean(AbstractBeanFactory.java:198)
	at org.springframework.context.support.AbstractApplicationContext.getBean(AbstractApplicationContext.java:1121)
	at org.apache.camel.spring.spi.ApplicationContextRegistry.lookupByNameAndType(ApplicationContextRegistry.java:47)
	at org.apache.camel.impl.PropertyPlaceholderDelegateRegistry.lookupByNameAndType(PropertyPlaceholderDelegateRegistry.java:63)
	at org.apache.camel.util.CamelContextHelper.lookup(CamelContextHelper.java:129)
	at org.apache.camel.util.CamelContextHelper.mandatoryLookup(CamelContextHelper.java:149)
	at org.apache.camel.component.cxf.CxfComponent.createEndpoint(CxfComponent.java:70)
	at org.apache.camel.impl.DefaultComponent.createEndpoint(DefaultComponent.java:123)
	at org.apache.camel.impl.DefaultCamelContext.getEndpoint(DefaultCamelContext.java:514)
	at org.apache.camel.util.CamelContextHelper.getMandatoryEndpoint(CamelContextHelper.java:71)
	at org.apache.camel.model.RouteDefinition.resolveEndpoint(RouteDefinition.java:190)
	at org.apache.camel.impl.DefaultRouteContext.resolveEndpoint(DefaultRouteContext.java:106)
	at org.apache.camel.impl.DefaultRouteContext.resolveEndpoint(DefaultRouteContext.java:112)
	at org.apache.camel.model.FromDefinition.resolveEndpoint(FromDefinition.java:72)
	at org.apache.camel.impl.DefaultRouteContext.getEndpoint(DefaultRouteContext.java:88)
	at org.apache.camel.model.RouteDefinition.addRoutes(RouteDefinition.java:888)
	at org.apache.camel.model.RouteDefinition.addRoutes(RouteDefinition.java:175)
	at org.apache.camel.impl.DefaultCamelContext.startRoute(DefaultCamelContext.java:780)
	at org.apache.camel.impl.DefaultCamelContext.startRouteDefinitions(DefaultCamelContext.java:2068)
	at org.apache.camel.impl.DefaultCamelContext.doStartCamel(DefaultCamelContext.java:1816)
	at org.apache.camel.impl.DefaultCamelContext.doStart(DefaultCamelContext.java:1683)
	at org.apache.camel.support.ServiceSupport.start(ServiceSupport.java:61)
	at org.apache.camel.impl.DefaultCamelContext.start(DefaultCamelContext.java:1651)
	at org.apache.camel.test.junit4.CamelTestSupport.startCamelContext(CamelTestSupport.java:477)
	at org.apache.camel.test.junit4.CamelTestSupport.doSetUp(CamelTestSupport.java:311)
	at org.apache.camel.test.junit4.CamelTestSupport.setUp(CamelTestSupport.java:217)
	at sun.reflect.NativeMethodAccessorImpl.invoke0(Native Method)
	at sun.reflect.NativeMethodAccessorImpl.invoke(NativeMethodAccessorImpl.java:57)
	at sun.reflect.DelegatingMethodAccessorImpl.invoke(DelegatingMethodAccessorImpl.java:43)
	at java.lang.reflect.Method.invoke(Method.java:606)
	at org.junit.runners.model.FrameworkMethod$1.runReflectiveCall(FrameworkMethod.java:47)
	at org.junit.internal.runners.model.ReflectiveCallable.run(ReflectiveCallable.java:12)
	at org.junit.runners.model.FrameworkMethod.invokeExplosively(FrameworkMethod.java:44)
	at org.junit.internal.runners.statements.RunBefores.evaluate(RunBefores.java:24)
	at org.junit.internal.runners.statements.RunAfters.evaluate(RunAfters.java:27)
	at org.junit.rules.TestWatcher$1.evaluate(TestWatcher.java:55)
	at org.junit.rules.RunRules.evaluate(RunRules.java:20)
	at org.junit.runners.ParentRunner.runLeaf(ParentRunner.java:271)
	at org.junit.runners.BlockJUnit4ClassRunner.runChild(BlockJUnit4ClassRunner.java:70)
	at org.junit.runners.BlockJUnit4ClassRunner.runChild(BlockJUnit4ClassRunner.java:50)
	at org.junit.runners.ParentRunner$3.run(ParentRunner.java:238)
	at org.junit.runners.ParentRunner$1.schedule(ParentRunner.java:63)
	at org.junit.runners.ParentRunner.runChildren(ParentRunner.java:236)
	at org.junit.runners.ParentRunner.access$000(ParentRunner.java:53)
	at org.junit.runners.ParentRunner$2.evaluate(ParentRunner.java:229)
	at org.junit.internal.runners.statements.RunAfters.evaluate(RunAfters.java:27)
	at org.junit.runners.ParentRunner.run(ParentRunner.java:309)
	at org.apache.maven.surefire.junit4.JUnit4Provider.execute(JUnit4Provider.java:367)
	at org.apache.maven.surefire.junit4.JUnit4Provider.executeWithRerun(JUnit4Provider.java:274)
	at org.apache.maven.surefire.junit4.JUnit4Provider.executeTestSet(JUnit4Provider.java:238)
	at org.apache.maven.surefire.junit4.JUnit4Provider.invoke(JUnit4Provider.java:161)
	at org.apache.maven.surefire.booter.ForkedBooter.invokeProviderInSameClassLoader(ForkedBooter.java:290)
	at org.apache.maven.surefire.booter.ForkedBooter.runSuitesInProcess(ForkedBooter.java:242)
	at org.apache.maven.surefire.booter.ForkedBooter.main(ForkedBooter.java:121)
Caused by: java.lang.IllegalStateException: Cannot convert value of type [org.apache.camel.component.cxf.spring.SpringJAXRSServerFactoryBean] to required type [org.apache.camel.component.cxf.CxfEndpoint]: no matching editors or conversion strategy found
	at org.springframework.beans.TypeConverterDelegate.convertIfNecessary(TypeConverterDelegate.java:267)
	at org.springframework.beans.TypeConverterDelegate.convertIfNecessary(TypeConverterDelegate.java:93)
	at org.springframework.beans.TypeConverterSupport.doConvert(TypeConverterSupport.java:61)
	... 56 more
2016-07-07 14:10:09,579 [main           ] INFO  SpringCamelContext             - Apache Camel 2.13.1 (CamelContext: camelContext-20bfdf3f-bb50-4ba3-b48d-7299441206a3) is shutting down
2016-07-07 14:10:09,580 [main           ] DEBUG RouteService                   - Stopping services on route: _route5
2016-07-07 14:10:09,580 [main           ] DEBUG RouteService                   - Shutting down services on route: _route5
2016-07-07 14:10:09,581 [main           ] DEBUG TimerListenerManager           - Removed TimerListener: org.apache.camel.management.mbean.ManagedCamelContext@41cd1a20
2016-07-07 14:10:09,581 [main           ] DEBUG DefaultManagementAgent         - Unregistered MBean with ObjectName: org.apache.camel:context=camelContext-20bfdf3f-bb50-4ba3-b48d-7299441206a3,type=context,name="camelContext-20bfdf3f-bb50-4ba3-b48d-7299441206a3"
2016-07-07 14:10:09,581 [main           ] DEBUG DefaultInflightRepository      - Shutting down with no inflight exchanges.
2016-07-07 14:10:09,581 [main           ] DEBUG SharedProducerServicePool      - Stopping service pool: org.apache.camel.impl.SharedProducerServicePool@6895a6ed
2016-07-07 14:10:09,582 [main           ] DEBUG EventHelper                    - Ignoring notifying event Stopped CamelContext: camelContext-20bfdf3f-bb50-4ba3-b48d-7299441206a3. The EventNotifier has not been started yet: org.apache.camel.impl.DefaultRuntimeEndpointRegistry@6af1a80d
2016-07-07 14:10:09,583 [main           ] DEBUG DefaultManagementAgent         - Unregistered MBean with ObjectName: org.apache.camel:context=camelContext-20bfdf3f-bb50-4ba3-b48d-7299441206a3,type=services,name=DefaultPackageScanClassResolver
2016-07-07 14:10:09,583 [main           ] DEBUG DefaultManagementAgent         - Unregistered MBean with ObjectName: org.apache.camel:context=camelContext-20bfdf3f-bb50-4ba3-b48d-7299441206a3,type=eventnotifiers,name=EventNotifier(0x6af1a80d)
2016-07-07 14:10:09,583 [main           ] DEBUG DefaultManagementAgent         - Unregistered MBean with ObjectName: org.apache.camel:context=camelContext-20bfdf3f-bb50-4ba3-b48d-7299441206a3,type=components,name="cxf"
2016-07-07 14:10:09,583 [main           ] DEBUG DefaultManagementAgent         - Unregistered MBean with ObjectName: org.apache.camel:context=camelContext-20bfdf3f-bb50-4ba3-b48d-7299441206a3,type=services,name=DefaultShutdownStrategy
2016-07-07 14:10:09,583 [main           ] DEBUG DefaultManagementAgent         - Unregistered MBean with ObjectName: org.apache.camel:context=camelContext-20bfdf3f-bb50-4ba3-b48d-7299441206a3,type=services,name=DefaultInflightRepository
2016-07-07 14:10:09,583 [main           ] DEBUG DefaultManagementAgent         - Unregistered MBean with ObjectName: org.apache.camel:context=camelContext-20bfdf3f-bb50-4ba3-b48d-7299441206a3,type=services,name=DefaultExecutorServiceManager
2016-07-07 14:10:09,583 [main           ] DEBUG DefaultManagementAgent         - Unregistered MBean with ObjectName: org.apache.camel:context=camelContext-20bfdf3f-bb50-4ba3-b48d-7299441206a3,type=tracer,name=BacklogDebugger
2016-07-07 14:10:09,583 [main           ] DEBUG DefaultManagementAgent         - Unregistered MBean with ObjectName: org.apache.camel:context=camelContext-20bfdf3f-bb50-4ba3-b48d-7299441206a3,type=endpoints,name="direct://uploadToQueue"
2016-07-07 14:10:09,583 [main           ] DEBUG DefaultManagementAgent         - Unregistered MBean with ObjectName: org.apache.camel:context=camelContext-20bfdf3f-bb50-4ba3-b48d-7299441206a3,type=components,name="properties"
2016-07-07 14:10:09,584 [main           ] DEBUG DefaultManagementAgent         - Unregistered MBean with ObjectName: org.apache.camel:context=camelContext-20bfdf3f-bb50-4ba3-b48d-7299441206a3,type=services,name=DefaultTypeConverter
2016-07-07 14:10:09,584 [main           ] DEBUG DefaultManagementAgent         - Unregistered MBean with ObjectName: org.apache.camel:context=camelContext-20bfdf3f-bb50-4ba3-b48d-7299441206a3,type=components,name="cxfrs"
2016-07-07 14:10:09,584 [main           ] DEBUG DefaultManagementAgent         - Unregistered MBean with ObjectName: org.apache.camel:context=camelContext-20bfdf3f-bb50-4ba3-b48d-7299441206a3,type=services,name=SharedProducerServicePool
2016-07-07 14:10:09,584 [main           ] DEBUG DefaultManagementAgent         - Unregistered MBean with ObjectName: org.apache.camel:context=camelContext-20bfdf3f-bb50-4ba3-b48d-7299441206a3,type=errorhandlers,name="DefaultErrorHandlerBuilder(ref:CamelDefaultErrorHandlerBuilder)"
2016-07-07 14:10:09,584 [main           ] DEBUG DefaultManagementAgent         - Unregistered MBean with ObjectName: org.apache.camel:context=camelContext-20bfdf3f-bb50-4ba3-b48d-7299441206a3,type=tracer,name=Tracer
2016-07-07 14:10:09,584 [main           ] DEBUG DefaultManagementAgent         - Unregistered MBean with ObjectName: org.apache.camel:context=camelContext-20bfdf3f-bb50-4ba3-b48d-7299441206a3,type=endpoints,name="direct://callRestEndpoint"
2016-07-07 14:10:09,584 [main           ] DEBUG DefaultManagementAgent         - Unregistered MBean with ObjectName: org.apache.camel:context=camelContext-20bfdf3f-bb50-4ba3-b48d-7299441206a3,type=components,name="spring-event"
2016-07-07 14:10:09,584 [main           ] DEBUG DefaultManagementAgent         - Unregistered MBean with ObjectName: org.apache.camel:context=camelContext-20bfdf3f-bb50-4ba3-b48d-7299441206a3,type=tracer,name=BacklogTracer
2016-07-07 14:10:09,585 [main           ] DEBUG DefaultManagementAgent         - Unregistered MBean with ObjectName: org.apache.camel:context=camelContext-20bfdf3f-bb50-4ba3-b48d-7299441206a3,type=components,name="direct"
2016-07-07 14:10:09,585 [main           ] DEBUG DefaultManagementAgent         - Unregistered MBean with ObjectName: org.apache.camel:context=camelContext-20bfdf3f-bb50-4ba3-b48d-7299441206a3,type=services,name=EndpointRegistry
2016-07-07 14:10:09,585 [main           ] DEBUG IntrospectionSupport           - Clearing cache[size=33, hits=44, misses=33, evicted=0]
2016-07-07 14:10:09,590 [main           ] INFO  SpringCamelContext             - Apache Camel 2.13.1 (CamelContext: camelContext-20bfdf3f-bb50-4ba3-b48d-7299441206a3) uptime 0.378 seconds
2016-07-07 14:10:09,590 [main           ] INFO  SpringCamelContext             - Apache Camel 2.13.1 (CamelContext: camelContext-20bfdf3f-bb50-4ba3-b48d-7299441206a3) is shutdown in 0.006 seconds
2016-07-07 14:10:09,590 [main           ] INFO  TestDirect                     - ********************************************************************************
2016-07-07 14:10:09,590 [main           ] INFO  TestDirect                     - Testing done: testCamelRoute(org.payment.svc.TestDirect)
2016-07-07 14:10:09,590 [main           ] INFO  TestDirect                     - Took: 2.956 seconds (2956 millis)
2016-07-07 14:10:09,590 [main           ] INFO  TestDirect                     - ********************************************************************************
2016-07-07 14:10:09,590 [main           ] DEBUG CamelTestSupport               - tearDown test
2016-07-07 14:10:09,591 [main           ] INFO  ClassPathXmlApplicationContext - Closing org.springframework.context.support.ClassPathXmlApplicationContext@4900269d: startup date [Thu Jul 07 14:10:06 MST 2016]; root of context hierarchy
2016-07-07 14:10:09,591 [main           ] DEBUG DefaultListableBeanFactory     - Returning cached instance of singleton bean 'camelContext-20bfdf3f-bb50-4ba3-b48d-7299441206a3'
2016-07-07 14:10:09,591 [main           ] DEBUG SpringCamelContext             - onApplicationEvent: org.springframework.context.event.ContextClosedEvent[source=org.springframework.context.support.ClassPathXmlApplicationContext@4900269d: startup date [Thu Jul 07 14:10:06 MST 2016]; root of context hierarchy]
2016-07-07 14:10:09,592 [main           ] DEBUG DefaultListableBeanFactory     - Returning cached instance of singleton bean 'lifecycleProcessor'
2016-07-07 14:10:09,592 [main           ] INFO  DefaultListableBeanFactory     - Destroying singletons in org.springframework.beans.factory.support.DefaultListableBeanFactory@35ad1590: defining beans [camelTracer,jaxbProvider,schemaHolder,customerRestImplBean,customerRestService,customerRestServiceClient,_from5,_to4,template,consumerTemplate,camelContext-20bfdf3f-bb50-4ba3-b48d-7299441206a3:beanPostProcessor,camelContext-20bfdf3f-bb50-4ba3-b48d-7299441206a3]; root of factory hierarchy
2016-07-07 14:10:09,593 [main           ] DEBUG DisposableBeanAdapter          - Invoking destroy() on bean with name 'consumerTemplate'
2016-07-07 14:10:09,593 [main           ] DEBUG DisposableBeanAdapter          - Invoking destroy() on bean with name 'template'
2016-07-07 14:10:09,593 [main           ] DEBUG DefaultListableBeanFactory     - Retrieved dependent beans for bean 'camelContext-20bfdf3f-bb50-4ba3-b48d-7299441206a3': [_from5, _to4, org.apache.camel.component.cxf.jaxrs.CxfRsComponent, org.apache.camel.component.cxf.CxfComponent]
2016-07-07 14:10:09,593 [main           ] DEBUG DisposableBeanAdapter          - Invoking destroy() on bean with name 'camelContext-20bfdf3f-bb50-4ba3-b48d-7299441206a3'
2016-07-07 14:10:09,593 [main           ] DEBUG DefaultListableBeanFactory     - Retrieved dependent beans for bean 'schemaHolder': [jaxbProvider]
2016-07-07 14:10:09,593 [main           ] DEBUG DefaultListableBeanFactory     - Retrieved dependent beans for bean 'jaxbProvider': [customerRestServiceClient, customerRestService]
2016-07-07 14:10:09,594 [main           ] DEBUG DisposableBeanAdapter          - Invoking destroy() on bean with name 'schemaHolder'
]]></system-out>
  </testcase>
</testsuite>